<?xml version="1.0" encoding="UTF-8"?>
<testsuite name="com.mysite.sbb.SbbApplicationTests" tests="1" skipped="0" failures="0" errors="0" timestamp="2022-11-10T06:20:31" hostname="dev-125" time="0.363">
  <properties/>
  <testcase name="testJpa()" classname="com.mysite.sbb.SbbApplicationTests" time="0.363"/>
  <system-out><![CDATA[15:20:28.182 [Test worker] DEBUG org.springframework.test.context.BootstrapUtils - Instantiating CacheAwareContextLoaderDelegate from class [org.springframework.test.context.cache.DefaultCacheAwareContextLoaderDelegate]
15:20:28.189 [Test worker] DEBUG org.springframework.test.context.BootstrapUtils - Instantiating BootstrapContext using constructor [public org.springframework.test.context.support.DefaultBootstrapContext(java.lang.Class,org.springframework.test.context.CacheAwareContextLoaderDelegate)]
15:20:28.214 [Test worker] DEBUG org.springframework.test.context.BootstrapUtils - Instantiating TestContextBootstrapper for test class [com.mysite.sbb.SbbApplicationTests] from class [org.springframework.boot.test.context.SpringBootTestContextBootstrapper]
15:20:28.221 [Test worker] INFO org.springframework.boot.test.context.SpringBootTestContextBootstrapper - Neither @ContextConfiguration nor @ContextHierarchy found for test class [com.mysite.sbb.SbbApplicationTests], using SpringBootContextLoader
15:20:28.224 [Test worker] DEBUG org.springframework.test.context.support.AbstractContextLoader - Did not detect default resource location for test class [com.mysite.sbb.SbbApplicationTests]: class path resource [com/mysite/sbb/SbbApplicationTests-context.xml] does not exist
15:20:28.224 [Test worker] DEBUG org.springframework.test.context.support.AbstractContextLoader - Did not detect default resource location for test class [com.mysite.sbb.SbbApplicationTests]: class path resource [com/mysite/sbb/SbbApplicationTestsContext.groovy] does not exist
15:20:28.224 [Test worker] INFO org.springframework.test.context.support.AbstractContextLoader - Could not detect default resource locations for test class [com.mysite.sbb.SbbApplicationTests]: no resource found for suffixes {-context.xml, Context.groovy}.
15:20:28.225 [Test worker] INFO org.springframework.test.context.support.AnnotationConfigContextLoaderUtils - Could not detect default configuration classes for test class [com.mysite.sbb.SbbApplicationTests]: SbbApplicationTests does not declare any static, non-private, non-final, nested classes annotated with @Configuration.
15:20:28.252 [Test worker] DEBUG org.springframework.test.context.support.ActiveProfilesUtils - Could not find an 'annotation declaring class' for annotation type [org.springframework.test.context.ActiveProfiles] and class [com.mysite.sbb.SbbApplicationTests]
15:20:28.311 [Test worker] DEBUG org.springframework.context.annotation.ClassPathScanningCandidateComponentProvider - Identified candidate component class: file [/home/user/git/sbb/build/classes/java/main/com/mysite/sbb/SbbApplication.class]
15:20:28.312 [Test worker] INFO org.springframework.boot.test.context.SpringBootTestContextBootstrapper - Found @SpringBootConfiguration com.mysite.sbb.SbbApplication for test class com.mysite.sbb.SbbApplicationTests
15:20:28.393 [Test worker] DEBUG org.springframework.boot.test.context.SpringBootTestContextBootstrapper - @TestExecutionListeners is not present for class [com.mysite.sbb.SbbApplicationTests]: using defaults.
15:20:28.394 [Test worker] INFO org.springframework.boot.test.context.SpringBootTestContextBootstrapper - Loaded default TestExecutionListener class names from location [META-INF/spring.factories]: [org.springframework.boot.test.autoconfigure.restdocs.RestDocsTestExecutionListener, org.springframework.boot.test.autoconfigure.web.client.MockRestServiceServerResetTestExecutionListener, org.springframework.boot.test.autoconfigure.web.servlet.MockMvcPrintOnlyOnFailureTestExecutionListener, org.springframework.boot.test.autoconfigure.web.servlet.WebDriverTestExecutionListener, org.springframework.boot.test.autoconfigure.webservices.client.MockWebServiceServerTestExecutionListener, org.springframework.boot.test.mock.mockito.MockitoTestExecutionListener, org.springframework.boot.test.mock.mockito.ResetMocksTestExecutionListener, org.springframework.test.context.web.ServletTestExecutionListener, org.springframework.test.context.support.DirtiesContextBeforeModesTestExecutionListener, org.springframework.test.context.event.ApplicationEventsTestExecutionListener, org.springframework.test.context.support.DependencyInjectionTestExecutionListener, org.springframework.test.context.support.DirtiesContextTestExecutionListener, org.springframework.test.context.transaction.TransactionalTestExecutionListener, org.springframework.test.context.jdbc.SqlScriptsTestExecutionListener, org.springframework.test.context.event.EventPublishingTestExecutionListener]
15:20:28.405 [Test worker] INFO org.springframework.boot.test.context.SpringBootTestContextBootstrapper - Using TestExecutionListeners: [org.springframework.test.context.web.ServletTestExecutionListener@37d3d232, org.springframework.test.context.support.DirtiesContextBeforeModesTestExecutionListener@30c0ccff, org.springframework.test.context.event.ApplicationEventsTestExecutionListener@581d969c, org.springframework.boot.test.mock.mockito.MockitoTestExecutionListener@22db8f4, org.springframework.boot.test.autoconfigure.SpringBootDependencyInjectionTestExecutionListener@2b46a8c1, org.springframework.test.context.support.DirtiesContextTestExecutionListener@1d572e62, org.springframework.test.context.transaction.TransactionalTestExecutionListener@29caf222, org.springframework.test.context.jdbc.SqlScriptsTestExecutionListener@46cf05f7, org.springframework.test.context.event.EventPublishingTestExecutionListener@5851bd4f, org.springframework.boot.test.autoconfigure.restdocs.RestDocsTestExecutionListener@7cd1ac19, org.springframework.boot.test.autoconfigure.web.client.MockRestServiceServerResetTestExecutionListener@2f40a43, org.springframework.boot.test.autoconfigure.web.servlet.MockMvcPrintOnlyOnFailureTestExecutionListener@3caa4757, org.springframework.boot.test.autoconfigure.web.servlet.WebDriverTestExecutionListener@69c43e48, org.springframework.boot.test.autoconfigure.webservices.client.MockWebServiceServerTestExecutionListener@1804f60d, org.springframework.boot.test.mock.mockito.ResetMocksTestExecutionListener@3a80515c]
15:20:28.408 [Test worker] DEBUG org.springframework.test.context.support.AbstractDirtiesContextTestExecutionListener - Before test class: context [DefaultTestContext@28c0b664 testClass = SbbApplicationTests, testInstance = [null], testMethod = [null], testException = [null], mergedContextConfiguration = [WebMergedContextConfiguration@2c444798 testClass = SbbApplicationTests, locations = '{}', classes = '{class com.mysite.sbb.SbbApplication}', contextInitializerClasses = '[]', activeProfiles = '{}', propertySourceLocations = '{}', propertySourceProperties = '{org.springframework.boot.test.context.SpringBootTestContextBootstrapper=true}', contextCustomizers = set[org.springframework.boot.test.autoconfigure.actuate.metrics.MetricsExportContextCustomizerFactory$DisableMetricExportContextCustomizer@3e10dc6, org.springframework.boot.test.autoconfigure.properties.PropertyMappingContextCustomizer@0, org.springframework.boot.test.autoconfigure.web.servlet.WebDriverContextCustomizerFactory$Customizer@6aecbb8d, org.springframework.boot.test.context.filter.ExcludeFilterContextCustomizer@72758afa, org.springframework.boot.test.json.DuplicateJsonObjectContextCustomizerFactory$DuplicateJsonObjectContextCustomizer@607fbe09, org.springframework.boot.test.mock.mockito.MockitoContextCustomizer@0, org.springframework.boot.test.web.client.TestRestTemplateContextCustomizer@62f4ff3b, org.springframework.boot.test.context.SpringBootTestArgs@1, org.springframework.boot.test.context.SpringBootTestWebEnvironment@4149c063], resourceBasePath = 'src/main/webapp', contextLoader = 'org.springframework.boot.test.context.SpringBootContextLoader', parent = [null]], attributes = map['org.springframework.test.context.web.ServletTestExecutionListener.activateListener' -> true]], class annotated with @DirtiesContext [false] with mode [null].

  .   ____          _            __ _ _
 /\\ / ___'_ __ _ _(_)_ __  __ _ \ \ \ \
( ( )\___ | '_ | '_| | '_ \/ _` | \ \ \ \
 \\/  ___)| |_)| | | | | || (_| |  ) ) ) )
  '  |____| .__|_| |_|_| |_\__, | / / / /
 =========|_|==============|___/=/_/_/_/
 :: Spring Boot ::                (v2.7.4)

2022-11-10 15:20:28.692  INFO 2482194 --- [    Test worker] com.mysite.sbb.SbbApplicationTests       : Starting SbbApplicationTests using Java 11.0.13 on dev-125 with PID 2482194 (started by user in /home/user/git/sbb)
2022-11-10 15:20:28.695  INFO 2482194 --- [    Test worker] com.mysite.sbb.SbbApplicationTests       : No active profile set, falling back to 1 default profile: "default"
2022-11-10 15:20:29.290  INFO 2482194 --- [    Test worker] .s.d.r.c.RepositoryConfigurationDelegate : Bootstrapping Spring Data JPA repositories in DEFAULT mode.
2022-11-10 15:20:29.322  INFO 2482194 --- [    Test worker] .s.d.r.c.RepositoryConfigurationDelegate : Finished Spring Data repository scanning in 26 ms. Found 2 JPA repository interfaces.
2022-11-10 15:20:29.670  INFO 2482194 --- [    Test worker] o.hibernate.jpa.internal.util.LogHelper  : HHH000204: Processing PersistenceUnitInfo [name: default]
2022-11-10 15:20:29.704  INFO 2482194 --- [    Test worker] org.hibernate.Version                    : HHH000412: Hibernate ORM core version 5.6.11.Final
2022-11-10 15:20:29.808  INFO 2482194 --- [    Test worker] o.hibernate.annotations.common.Version   : HCANN000001: Hibernate Commons Annotations {5.1.2.Final}
2022-11-10 15:20:29.867  INFO 2482194 --- [    Test worker] com.zaxxer.hikari.HikariDataSource       : HikariPool-1 - Starting...
2022-11-10 15:20:30.015  INFO 2482194 --- [    Test worker] com.zaxxer.hikari.HikariDataSource       : HikariPool-1 - Start completed.
2022-11-10 15:20:30.026  INFO 2482194 --- [    Test worker] org.hibernate.dialect.Dialect            : HHH000400: Using dialect: org.hibernate.dialect.H2Dialect
2022-11-10 15:20:30.486  INFO 2482194 --- [    Test worker] o.h.e.t.j.p.i.JtaPlatformInitiator       : HHH000490: Using JtaPlatform implementation: [org.hibernate.engine.transaction.jta.platform.internal.NoJtaPlatform]
2022-11-10 15:20:30.492  INFO 2482194 --- [    Test worker] j.LocalContainerEntityManagerFactoryBean : Initialized JPA EntityManagerFactory for persistence unit 'default'
2022-11-10 15:20:30.941  WARN 2482194 --- [    Test worker] JpaBaseConfiguration$JpaWebConfiguration : spring.jpa.open-in-view is enabled by default. Therefore, database queries may be performed during view rendering. Explicitly configure spring.jpa.open-in-view to disable this warning
2022-11-10 15:20:31.149  INFO 2482194 --- [    Test worker] o.s.b.a.h2.H2ConsoleAutoConfiguration    : H2 console available at '/h2-console'. Database available at 'jdbc:h2:~/local'
2022-11-10 15:20:31.534  INFO 2482194 --- [    Test worker] com.mysite.sbb.SbbApplicationTests       : Started SbbApplicationTests in 3.089 seconds (JVM running for 3.885)
Hibernate: 
    insert 
    into
        question
        (id, content, create_date, subject) 
    values
        (default, ?, ?, ?)
Hibernate: 
    insert 
    into
        question
        (id, content, create_date, subject) 
    values
        (default, ?, ?, ?)
Hibernate: 
    insert 
    into
        question
        (id, content, create_date, subject) 
    values
        (default, ?, ?, ?)
Hibernate: 
    insert 
    into
        question
        (id, content, create_date, subject) 
    values
        (default, ?, ?, ?)
Hibernate: 
    insert 
    into
        question
        (id, content, create_date, subject) 
    values
        (default, ?, ?, ?)
Hibernate: 
    insert 
    into
        question
        (id, content, create_date, subject) 
    values
        (default, ?, ?, ?)
Hibernate: 
    insert 
    into
        question
        (id, content, create_date, subject) 
    values
        (default, ?, ?, ?)
Hibernate: 
    insert 
    into
        question
        (id, content, create_date, subject) 
    values
        (default, ?, ?, ?)
Hibernate: 
    insert 
    into
        question
        (id, content, create_date, subject) 
    values
        (default, ?, ?, ?)
Hibernate: 
    insert 
    into
        question
        (id, content, create_date, subject) 
    values
        (default, ?, ?, ?)
Hibernate: 
    insert 
    into
        question
        (id, content, create_date, subject) 
    values
        (default, ?, ?, ?)
Hibernate: 
    insert 
    into
        question
        (id, content, create_date, subject) 
    values
        (default, ?, ?, ?)
Hibernate: 
    insert 
    into
        question
        (id, content, create_date, subject) 
    values
        (default, ?, ?, ?)
Hibernate: 
    insert 
    into
        question
        (id, content, create_date, subject) 
    values
        (default, ?, ?, ?)
Hibernate: 
    insert 
    into
        question
        (id, content, create_date, subject) 
    values
        (default, ?, ?, ?)
Hibernate: 
    insert 
    into
        question
        (id, content, create_date, subject) 
    values
        (default, ?, ?, ?)
Hibernate: 
    insert 
    into
        question
        (id, content, create_date, subject) 
    values
        (default, ?, ?, ?)
Hibernate: 
    insert 
    into
        question
        (id, content, create_date, subject) 
    values
        (default, ?, ?, ?)
Hibernate: 
    insert 
    into
        question
        (id, content, create_date, subject) 
    values
        (default, ?, ?, ?)
Hibernate: 
    insert 
    into
        question
        (id, content, create_date, subject) 
    values
        (default, ?, ?, ?)
Hibernate: 
    insert 
    into
        question
        (id, content, create_date, subject) 
    values
        (default, ?, ?, ?)
Hibernate: 
    insert 
    into
        question
        (id, content, create_date, subject) 
    values
        (default, ?, ?, ?)
Hibernate: 
    insert 
    into
        question
        (id, content, create_date, subject) 
    values
        (default, ?, ?, ?)
Hibernate: 
    insert 
    into
        question
        (id, content, create_date, subject) 
    values
        (default, ?, ?, ?)
Hibernate: 
    insert 
    into
        question
        (id, content, create_date, subject) 
    values
        (default, ?, ?, ?)
Hibernate: 
    insert 
    into
        question
        (id, content, create_date, subject) 
    values
        (default, ?, ?, ?)
Hibernate: 
    insert 
    into
        question
        (id, content, create_date, subject) 
    values
        (default, ?, ?, ?)
Hibernate: 
    insert 
    into
        question
        (id, content, create_date, subject) 
    values
        (default, ?, ?, ?)
Hibernate: 
    insert 
    into
        question
        (id, content, create_date, subject) 
    values
        (default, ?, ?, ?)
Hibernate: 
    insert 
    into
        question
        (id, content, create_date, subject) 
    values
        (default, ?, ?, ?)
Hibernate: 
    insert 
    into
        question
        (id, content, create_date, subject) 
    values
        (default, ?, ?, ?)
Hibernate: 
    insert 
    into
        question
        (id, content, create_date, subject) 
    values
        (default, ?, ?, ?)
Hibernate: 
    insert 
    into
        question
        (id, content, create_date, subject) 
    values
        (default, ?, ?, ?)
Hibernate: 
    insert 
    into
        question
        (id, content, create_date, subject) 
    values
        (default, ?, ?, ?)
Hibernate: 
    insert 
    into
        question
        (id, content, create_date, subject) 
    values
        (default, ?, ?, ?)
Hibernate: 
    insert 
    into
        question
        (id, content, create_date, subject) 
    values
        (default, ?, ?, ?)
Hibernate: 
    insert 
    into
        question
        (id, content, create_date, subject) 
    values
        (default, ?, ?, ?)
Hibernate: 
    insert 
    into
        question
        (id, content, create_date, subject) 
    values
        (default, ?, ?, ?)
Hibernate: 
    insert 
    into
        question
        (id, content, create_date, subject) 
    values
        (default, ?, ?, ?)
Hibernate: 
    insert 
    into
        question
        (id, content, create_date, subject) 
    values
        (default, ?, ?, ?)
Hibernate: 
    insert 
    into
        question
        (id, content, create_date, subject) 
    values
        (default, ?, ?, ?)
Hibernate: 
    insert 
    into
        question
        (id, content, create_date, subject) 
    values
        (default, ?, ?, ?)
Hibernate: 
    insert 
    into
        question
        (id, content, create_date, subject) 
    values
        (default, ?, ?, ?)
Hibernate: 
    insert 
    into
        question
        (id, content, create_date, subject) 
    values
        (default, ?, ?, ?)
Hibernate: 
    insert 
    into
        question
        (id, content, create_date, subject) 
    values
        (default, ?, ?, ?)
Hibernate: 
    insert 
    into
        question
        (id, content, create_date, subject) 
    values
        (default, ?, ?, ?)
Hibernate: 
    insert 
    into
        question
        (id, content, create_date, subject) 
    values
        (default, ?, ?, ?)
Hibernate: 
    insert 
    into
        question
        (id, content, create_date, subject) 
    values
        (default, ?, ?, ?)
Hibernate: 
    insert 
    into
        question
        (id, content, create_date, subject) 
    values
        (default, ?, ?, ?)
Hibernate: 
    insert 
    into
        question
        (id, content, create_date, subject) 
    values
        (default, ?, ?, ?)
Hibernate: 
    insert 
    into
        question
        (id, content, create_date, subject) 
    values
        (default, ?, ?, ?)
Hibernate: 
    insert 
    into
        question
        (id, content, create_date, subject) 
    values
        (default, ?, ?, ?)
Hibernate: 
    insert 
    into
        question
        (id, content, create_date, subject) 
    values
        (default, ?, ?, ?)
Hibernate: 
    insert 
    into
        question
        (id, content, create_date, subject) 
    values
        (default, ?, ?, ?)
Hibernate: 
    insert 
    into
        question
        (id, content, create_date, subject) 
    values
        (default, ?, ?, ?)
Hibernate: 
    insert 
    into
        question
        (id, content, create_date, subject) 
    values
        (default, ?, ?, ?)
Hibernate: 
    insert 
    into
        question
        (id, content, create_date, subject) 
    values
        (default, ?, ?, ?)
Hibernate: 
    insert 
    into
        question
        (id, content, create_date, subject) 
    values
        (default, ?, ?, ?)
Hibernate: 
    insert 
    into
        question
        (id, content, create_date, subject) 
    values
        (default, ?, ?, ?)
Hibernate: 
    insert 
    into
        question
        (id, content, create_date, subject) 
    values
        (default, ?, ?, ?)
Hibernate: 
    insert 
    into
        question
        (id, content, create_date, subject) 
    values
        (default, ?, ?, ?)
Hibernate: 
    insert 
    into
        question
        (id, content, create_date, subject) 
    values
        (default, ?, ?, ?)
Hibernate: 
    insert 
    into
        question
        (id, content, create_date, subject) 
    values
        (default, ?, ?, ?)
Hibernate: 
    insert 
    into
        question
        (id, content, create_date, subject) 
    values
        (default, ?, ?, ?)
Hibernate: 
    insert 
    into
        question
        (id, content, create_date, subject) 
    values
        (default, ?, ?, ?)
Hibernate: 
    insert 
    into
        question
        (id, content, create_date, subject) 
    values
        (default, ?, ?, ?)
Hibernate: 
    insert 
    into
        question
        (id, content, create_date, subject) 
    values
        (default, ?, ?, ?)
Hibernate: 
    insert 
    into
        question
        (id, content, create_date, subject) 
    values
        (default, ?, ?, ?)
Hibernate: 
    insert 
    into
        question
        (id, content, create_date, subject) 
    values
        (default, ?, ?, ?)
Hibernate: 
    insert 
    into
        question
        (id, content, create_date, subject) 
    values
        (default, ?, ?, ?)
Hibernate: 
    insert 
    into
        question
        (id, content, create_date, subject) 
    values
        (default, ?, ?, ?)
Hibernate: 
    insert 
    into
        question
        (id, content, create_date, subject) 
    values
        (default, ?, ?, ?)
Hibernate: 
    insert 
    into
        question
        (id, content, create_date, subject) 
    values
        (default, ?, ?, ?)
Hibernate: 
    insert 
    into
        question
        (id, content, create_date, subject) 
    values
        (default, ?, ?, ?)
Hibernate: 
    insert 
    into
        question
        (id, content, create_date, subject) 
    values
        (default, ?, ?, ?)
Hibernate: 
    insert 
    into
        question
        (id, content, create_date, subject) 
    values
        (default, ?, ?, ?)
Hibernate: 
    insert 
    into
        question
        (id, content, create_date, subject) 
    values
        (default, ?, ?, ?)
Hibernate: 
    insert 
    into
        question
        (id, content, create_date, subject) 
    values
        (default, ?, ?, ?)
Hibernate: 
    insert 
    into
        question
        (id, content, create_date, subject) 
    values
        (default, ?, ?, ?)
Hibernate: 
    insert 
    into
        question
        (id, content, create_date, subject) 
    values
        (default, ?, ?, ?)
Hibernate: 
    insert 
    into
        question
        (id, content, create_date, subject) 
    values
        (default, ?, ?, ?)
Hibernate: 
    insert 
    into
        question
        (id, content, create_date, subject) 
    values
        (default, ?, ?, ?)
Hibernate: 
    insert 
    into
        question
        (id, content, create_date, subject) 
    values
        (default, ?, ?, ?)
Hibernate: 
    insert 
    into
        question
        (id, content, create_date, subject) 
    values
        (default, ?, ?, ?)
Hibernate: 
    insert 
    into
        question
        (id, content, create_date, subject) 
    values
        (default, ?, ?, ?)
Hibernate: 
    insert 
    into
        question
        (id, content, create_date, subject) 
    values
        (default, ?, ?, ?)
Hibernate: 
    insert 
    into
        question
        (id, content, create_date, subject) 
    values
        (default, ?, ?, ?)
Hibernate: 
    insert 
    into
        question
        (id, content, create_date, subject) 
    values
        (default, ?, ?, ?)
Hibernate: 
    insert 
    into
        question
        (id, content, create_date, subject) 
    values
        (default, ?, ?, ?)
Hibernate: 
    insert 
    into
        question
        (id, content, create_date, subject) 
    values
        (default, ?, ?, ?)
Hibernate: 
    insert 
    into
        question
        (id, content, create_date, subject) 
    values
        (default, ?, ?, ?)
Hibernate: 
    insert 
    into
        question
        (id, content, create_date, subject) 
    values
        (default, ?, ?, ?)
Hibernate: 
    insert 
    into
        question
        (id, content, create_date, subject) 
    values
        (default, ?, ?, ?)
Hibernate: 
    insert 
    into
        question
        (id, content, create_date, subject) 
    values
        (default, ?, ?, ?)
Hibernate: 
    insert 
    into
        question
        (id, content, create_date, subject) 
    values
        (default, ?, ?, ?)
Hibernate: 
    insert 
    into
        question
        (id, content, create_date, subject) 
    values
        (default, ?, ?, ?)
Hibernate: 
    insert 
    into
        question
        (id, content, create_date, subject) 
    values
        (default, ?, ?, ?)
Hibernate: 
    insert 
    into
        question
        (id, content, create_date, subject) 
    values
        (default, ?, ?, ?)
Hibernate: 
    insert 
    into
        question
        (id, content, create_date, subject) 
    values
        (default, ?, ?, ?)
Hibernate: 
    insert 
    into
        question
        (id, content, create_date, subject) 
    values
        (default, ?, ?, ?)
Hibernate: 
    insert 
    into
        question
        (id, content, create_date, subject) 
    values
        (default, ?, ?, ?)
Hibernate: 
    insert 
    into
        question
        (id, content, create_date, subject) 
    values
        (default, ?, ?, ?)
Hibernate: 
    insert 
    into
        question
        (id, content, create_date, subject) 
    values
        (default, ?, ?, ?)
Hibernate: 
    insert 
    into
        question
        (id, content, create_date, subject) 
    values
        (default, ?, ?, ?)
Hibernate: 
    insert 
    into
        question
        (id, content, create_date, subject) 
    values
        (default, ?, ?, ?)
Hibernate: 
    insert 
    into
        question
        (id, content, create_date, subject) 
    values
        (default, ?, ?, ?)
Hibernate: 
    insert 
    into
        question
        (id, content, create_date, subject) 
    values
        (default, ?, ?, ?)
Hibernate: 
    insert 
    into
        question
        (id, content, create_date, subject) 
    values
        (default, ?, ?, ?)
Hibernate: 
    insert 
    into
        question
        (id, content, create_date, subject) 
    values
        (default, ?, ?, ?)
Hibernate: 
    insert 
    into
        question
        (id, content, create_date, subject) 
    values
        (default, ?, ?, ?)
Hibernate: 
    insert 
    into
        question
        (id, content, create_date, subject) 
    values
        (default, ?, ?, ?)
Hibernate: 
    insert 
    into
        question
        (id, content, create_date, subject) 
    values
        (default, ?, ?, ?)
Hibernate: 
    insert 
    into
        question
        (id, content, create_date, subject) 
    values
        (default, ?, ?, ?)
Hibernate: 
    insert 
    into
        question
        (id, content, create_date, subject) 
    values
        (default, ?, ?, ?)
Hibernate: 
    insert 
    into
        question
        (id, content, create_date, subject) 
    values
        (default, ?, ?, ?)
Hibernate: 
    insert 
    into
        question
        (id, content, create_date, subject) 
    values
        (default, ?, ?, ?)
Hibernate: 
    insert 
    into
        question
        (id, content, create_date, subject) 
    values
        (default, ?, ?, ?)
Hibernate: 
    insert 
    into
        question
        (id, content, create_date, subject) 
    values
        (default, ?, ?, ?)
Hibernate: 
    insert 
    into
        question
        (id, content, create_date, subject) 
    values
        (default, ?, ?, ?)
Hibernate: 
    insert 
    into
        question
        (id, content, create_date, subject) 
    values
        (default, ?, ?, ?)
Hibernate: 
    insert 
    into
        question
        (id, content, create_date, subject) 
    values
        (default, ?, ?, ?)
Hibernate: 
    insert 
    into
        question
        (id, content, create_date, subject) 
    values
        (default, ?, ?, ?)
Hibernate: 
    insert 
    into
        question
        (id, content, create_date, subject) 
    values
        (default, ?, ?, ?)
Hibernate: 
    insert 
    into
        question
        (id, content, create_date, subject) 
    values
        (default, ?, ?, ?)
Hibernate: 
    insert 
    into
        question
        (id, content, create_date, subject) 
    values
        (default, ?, ?, ?)
Hibernate: 
    insert 
    into
        question
        (id, content, create_date, subject) 
    values
        (default, ?, ?, ?)
Hibernate: 
    insert 
    into
        question
        (id, content, create_date, subject) 
    values
        (default, ?, ?, ?)
Hibernate: 
    insert 
    into
        question
        (id, content, create_date, subject) 
    values
        (default, ?, ?, ?)
Hibernate: 
    insert 
    into
        question
        (id, content, create_date, subject) 
    values
        (default, ?, ?, ?)
Hibernate: 
    insert 
    into
        question
        (id, content, create_date, subject) 
    values
        (default, ?, ?, ?)
Hibernate: 
    insert 
    into
        question
        (id, content, create_date, subject) 
    values
        (default, ?, ?, ?)
Hibernate: 
    insert 
    into
        question
        (id, content, create_date, subject) 
    values
        (default, ?, ?, ?)
Hibernate: 
    insert 
    into
        question
        (id, content, create_date, subject) 
    values
        (default, ?, ?, ?)
Hibernate: 
    insert 
    into
        question
        (id, content, create_date, subject) 
    values
        (default, ?, ?, ?)
Hibernate: 
    insert 
    into
        question
        (id, content, create_date, subject) 
    values
        (default, ?, ?, ?)
Hibernate: 
    insert 
    into
        question
        (id, content, create_date, subject) 
    values
        (default, ?, ?, ?)
Hibernate: 
    insert 
    into
        question
        (id, content, create_date, subject) 
    values
        (default, ?, ?, ?)
Hibernate: 
    insert 
    into
        question
        (id, content, create_date, subject) 
    values
        (default, ?, ?, ?)
Hibernate: 
    insert 
    into
        question
        (id, content, create_date, subject) 
    values
        (default, ?, ?, ?)
Hibernate: 
    insert 
    into
        question
        (id, content, create_date, subject) 
    values
        (default, ?, ?, ?)
Hibernate: 
    insert 
    into
        question
        (id, content, create_date, subject) 
    values
        (default, ?, ?, ?)
Hibernate: 
    insert 
    into
        question
        (id, content, create_date, subject) 
    values
        (default, ?, ?, ?)
Hibernate: 
    insert 
    into
        question
        (id, content, create_date, subject) 
    values
        (default, ?, ?, ?)
Hibernate: 
    insert 
    into
        question
        (id, content, create_date, subject) 
    values
        (default, ?, ?, ?)
Hibernate: 
    insert 
    into
        question
        (id, content, create_date, subject) 
    values
        (default, ?, ?, ?)
Hibernate: 
    insert 
    into
        question
        (id, content, create_date, subject) 
    values
        (default, ?, ?, ?)
Hibernate: 
    insert 
    into
        question
        (id, content, create_date, subject) 
    values
        (default, ?, ?, ?)
Hibernate: 
    insert 
    into
        question
        (id, content, create_date, subject) 
    values
        (default, ?, ?, ?)
Hibernate: 
    insert 
    into
        question
        (id, content, create_date, subject) 
    values
        (default, ?, ?, ?)
Hibernate: 
    insert 
    into
        question
        (id, content, create_date, subject) 
    values
        (default, ?, ?, ?)
Hibernate: 
    insert 
    into
        question
        (id, content, create_date, subject) 
    values
        (default, ?, ?, ?)
Hibernate: 
    insert 
    into
        question
        (id, content, create_date, subject) 
    values
        (default, ?, ?, ?)
Hibernate: 
    insert 
    into
        question
        (id, content, create_date, subject) 
    values
        (default, ?, ?, ?)
Hibernate: 
    insert 
    into
        question
        (id, content, create_date, subject) 
    values
        (default, ?, ?, ?)
Hibernate: 
    insert 
    into
        question
        (id, content, create_date, subject) 
    values
        (default, ?, ?, ?)
Hibernate: 
    insert 
    into
        question
        (id, content, create_date, subject) 
    values
        (default, ?, ?, ?)
Hibernate: 
    insert 
    into
        question
        (id, content, create_date, subject) 
    values
        (default, ?, ?, ?)
Hibernate: 
    insert 
    into
        question
        (id, content, create_date, subject) 
    values
        (default, ?, ?, ?)
Hibernate: 
    insert 
    into
        question
        (id, content, create_date, subject) 
    values
        (default, ?, ?, ?)
Hibernate: 
    insert 
    into
        question
        (id, content, create_date, subject) 
    values
        (default, ?, ?, ?)
Hibernate: 
    insert 
    into
        question
        (id, content, create_date, subject) 
    values
        (default, ?, ?, ?)
Hibernate: 
    insert 
    into
        question
        (id, content, create_date, subject) 
    values
        (default, ?, ?, ?)
Hibernate: 
    insert 
    into
        question
        (id, content, create_date, subject) 
    values
        (default, ?, ?, ?)
Hibernate: 
    insert 
    into
        question
        (id, content, create_date, subject) 
    values
        (default, ?, ?, ?)
Hibernate: 
    insert 
    into
        question
        (id, content, create_date, subject) 
    values
        (default, ?, ?, ?)
Hibernate: 
    insert 
    into
        question
        (id, content, create_date, subject) 
    values
        (default, ?, ?, ?)
Hibernate: 
    insert 
    into
        question
        (id, content, create_date, subject) 
    values
        (default, ?, ?, ?)
Hibernate: 
    insert 
    into
        question
        (id, content, create_date, subject) 
    values
        (default, ?, ?, ?)
Hibernate: 
    insert 
    into
        question
        (id, content, create_date, subject) 
    values
        (default, ?, ?, ?)
Hibernate: 
    insert 
    into
        question
        (id, content, create_date, subject) 
    values
        (default, ?, ?, ?)
Hibernate: 
    insert 
    into
        question
        (id, content, create_date, subject) 
    values
        (default, ?, ?, ?)
Hibernate: 
    insert 
    into
        question
        (id, content, create_date, subject) 
    values
        (default, ?, ?, ?)
Hibernate: 
    insert 
    into
        question
        (id, content, create_date, subject) 
    values
        (default, ?, ?, ?)
Hibernate: 
    insert 
    into
        question
        (id, content, create_date, subject) 
    values
        (default, ?, ?, ?)
Hibernate: 
    insert 
    into
        question
        (id, content, create_date, subject) 
    values
        (default, ?, ?, ?)
Hibernate: 
    insert 
    into
        question
        (id, content, create_date, subject) 
    values
        (default, ?, ?, ?)
Hibernate: 
    insert 
    into
        question
        (id, content, create_date, subject) 
    values
        (default, ?, ?, ?)
Hibernate: 
    insert 
    into
        question
        (id, content, create_date, subject) 
    values
        (default, ?, ?, ?)
Hibernate: 
    insert 
    into
        question
        (id, content, create_date, subject) 
    values
        (default, ?, ?, ?)
Hibernate: 
    insert 
    into
        question
        (id, content, create_date, subject) 
    values
        (default, ?, ?, ?)
Hibernate: 
    insert 
    into
        question
        (id, content, create_date, subject) 
    values
        (default, ?, ?, ?)
Hibernate: 
    insert 
    into
        question
        (id, content, create_date, subject) 
    values
        (default, ?, ?, ?)
Hibernate: 
    insert 
    into
        question
        (id, content, create_date, subject) 
    values
        (default, ?, ?, ?)
Hibernate: 
    insert 
    into
        question
        (id, content, create_date, subject) 
    values
        (default, ?, ?, ?)
Hibernate: 
    insert 
    into
        question
        (id, content, create_date, subject) 
    values
        (default, ?, ?, ?)
Hibernate: 
    insert 
    into
        question
        (id, content, create_date, subject) 
    values
        (default, ?, ?, ?)
Hibernate: 
    insert 
    into
        question
        (id, content, create_date, subject) 
    values
        (default, ?, ?, ?)
Hibernate: 
    insert 
    into
        question
        (id, content, create_date, subject) 
    values
        (default, ?, ?, ?)
Hibernate: 
    insert 
    into
        question
        (id, content, create_date, subject) 
    values
        (default, ?, ?, ?)
Hibernate: 
    insert 
    into
        question
        (id, content, create_date, subject) 
    values
        (default, ?, ?, ?)
Hibernate: 
    insert 
    into
        question
        (id, content, create_date, subject) 
    values
        (default, ?, ?, ?)
Hibernate: 
    insert 
    into
        question
        (id, content, create_date, subject) 
    values
        (default, ?, ?, ?)
Hibernate: 
    insert 
    into
        question
        (id, content, create_date, subject) 
    values
        (default, ?, ?, ?)
Hibernate: 
    insert 
    into
        question
        (id, content, create_date, subject) 
    values
        (default, ?, ?, ?)
Hibernate: 
    insert 
    into
        question
        (id, content, create_date, subject) 
    values
        (default, ?, ?, ?)
Hibernate: 
    insert 
    into
        question
        (id, content, create_date, subject) 
    values
        (default, ?, ?, ?)
Hibernate: 
    insert 
    into
        question
        (id, content, create_date, subject) 
    values
        (default, ?, ?, ?)
Hibernate: 
    insert 
    into
        question
        (id, content, create_date, subject) 
    values
        (default, ?, ?, ?)
Hibernate: 
    insert 
    into
        question
        (id, content, create_date, subject) 
    values
        (default, ?, ?, ?)
Hibernate: 
    insert 
    into
        question
        (id, content, create_date, subject) 
    values
        (default, ?, ?, ?)
Hibernate: 
    insert 
    into
        question
        (id, content, create_date, subject) 
    values
        (default, ?, ?, ?)
Hibernate: 
    insert 
    into
        question
        (id, content, create_date, subject) 
    values
        (default, ?, ?, ?)
Hibernate: 
    insert 
    into
        question
        (id, content, create_date, subject) 
    values
        (default, ?, ?, ?)
Hibernate: 
    insert 
    into
        question
        (id, content, create_date, subject) 
    values
        (default, ?, ?, ?)
Hibernate: 
    insert 
    into
        question
        (id, content, create_date, subject) 
    values
        (default, ?, ?, ?)
Hibernate: 
    insert 
    into
        question
        (id, content, create_date, subject) 
    values
        (default, ?, ?, ?)
Hibernate: 
    insert 
    into
        question
        (id, content, create_date, subject) 
    values
        (default, ?, ?, ?)
Hibernate: 
    insert 
    into
        question
        (id, content, create_date, subject) 
    values
        (default, ?, ?, ?)
Hibernate: 
    insert 
    into
        question
        (id, content, create_date, subject) 
    values
        (default, ?, ?, ?)
Hibernate: 
    insert 
    into
        question
        (id, content, create_date, subject) 
    values
        (default, ?, ?, ?)
Hibernate: 
    insert 
    into
        question
        (id, content, create_date, subject) 
    values
        (default, ?, ?, ?)
Hibernate: 
    insert 
    into
        question
        (id, content, create_date, subject) 
    values
        (default, ?, ?, ?)
Hibernate: 
    insert 
    into
        question
        (id, content, create_date, subject) 
    values
        (default, ?, ?, ?)
Hibernate: 
    insert 
    into
        question
        (id, content, create_date, subject) 
    values
        (default, ?, ?, ?)
Hibernate: 
    insert 
    into
        question
        (id, content, create_date, subject) 
    values
        (default, ?, ?, ?)
Hibernate: 
    insert 
    into
        question
        (id, content, create_date, subject) 
    values
        (default, ?, ?, ?)
Hibernate: 
    insert 
    into
        question
        (id, content, create_date, subject) 
    values
        (default, ?, ?, ?)
Hibernate: 
    insert 
    into
        question
        (id, content, create_date, subject) 
    values
        (default, ?, ?, ?)
Hibernate: 
    insert 
    into
        question
        (id, content, create_date, subject) 
    values
        (default, ?, ?, ?)
Hibernate: 
    insert 
    into
        question
        (id, content, create_date, subject) 
    values
        (default, ?, ?, ?)
Hibernate: 
    insert 
    into
        question
        (id, content, create_date, subject) 
    values
        (default, ?, ?, ?)
Hibernate: 
    insert 
    into
        question
        (id, content, create_date, subject) 
    values
        (default, ?, ?, ?)
Hibernate: 
    insert 
    into
        question
        (id, content, create_date, subject) 
    values
        (default, ?, ?, ?)
Hibernate: 
    insert 
    into
        question
        (id, content, create_date, subject) 
    values
        (default, ?, ?, ?)
Hibernate: 
    insert 
    into
        question
        (id, content, create_date, subject) 
    values
        (default, ?, ?, ?)
Hibernate: 
    insert 
    into
        question
        (id, content, create_date, subject) 
    values
        (default, ?, ?, ?)
Hibernate: 
    insert 
    into
        question
        (id, content, create_date, subject) 
    values
        (default, ?, ?, ?)
Hibernate: 
    insert 
    into
        question
        (id, content, create_date, subject) 
    values
        (default, ?, ?, ?)
Hibernate: 
    insert 
    into
        question
        (id, content, create_date, subject) 
    values
        (default, ?, ?, ?)
Hibernate: 
    insert 
    into
        question
        (id, content, create_date, subject) 
    values
        (default, ?, ?, ?)
Hibernate: 
    insert 
    into
        question
        (id, content, create_date, subject) 
    values
        (default, ?, ?, ?)
Hibernate: 
    insert 
    into
        question
        (id, content, create_date, subject) 
    values
        (default, ?, ?, ?)
Hibernate: 
    insert 
    into
        question
        (id, content, create_date, subject) 
    values
        (default, ?, ?, ?)
Hibernate: 
    insert 
    into
        question
        (id, content, create_date, subject) 
    values
        (default, ?, ?, ?)
Hibernate: 
    insert 
    into
        question
        (id, content, create_date, subject) 
    values
        (default, ?, ?, ?)
Hibernate: 
    insert 
    into
        question
        (id, content, create_date, subject) 
    values
        (default, ?, ?, ?)
Hibernate: 
    insert 
    into
        question
        (id, content, create_date, subject) 
    values
        (default, ?, ?, ?)
Hibernate: 
    insert 
    into
        question
        (id, content, create_date, subject) 
    values
        (default, ?, ?, ?)
Hibernate: 
    insert 
    into
        question
        (id, content, create_date, subject) 
    values
        (default, ?, ?, ?)
Hibernate: 
    insert 
    into
        question
        (id, content, create_date, subject) 
    values
        (default, ?, ?, ?)
Hibernate: 
    insert 
    into
        question
        (id, content, create_date, subject) 
    values
        (default, ?, ?, ?)
Hibernate: 
    insert 
    into
        question
        (id, content, create_date, subject) 
    values
        (default, ?, ?, ?)
Hibernate: 
    insert 
    into
        question
        (id, content, create_date, subject) 
    values
        (default, ?, ?, ?)
Hibernate: 
    insert 
    into
        question
        (id, content, create_date, subject) 
    values
        (default, ?, ?, ?)
Hibernate: 
    insert 
    into
        question
        (id, content, create_date, subject) 
    values
        (default, ?, ?, ?)
Hibernate: 
    insert 
    into
        question
        (id, content, create_date, subject) 
    values
        (default, ?, ?, ?)
Hibernate: 
    insert 
    into
        question
        (id, content, create_date, subject) 
    values
        (default, ?, ?, ?)
Hibernate: 
    insert 
    into
        question
        (id, content, create_date, subject) 
    values
        (default, ?, ?, ?)
Hibernate: 
    insert 
    into
        question
        (id, content, create_date, subject) 
    values
        (default, ?, ?, ?)
Hibernate: 
    insert 
    into
        question
        (id, content, create_date, subject) 
    values
        (default, ?, ?, ?)
Hibernate: 
    insert 
    into
        question
        (id, content, create_date, subject) 
    values
        (default, ?, ?, ?)
Hibernate: 
    insert 
    into
        question
        (id, content, create_date, subject) 
    values
        (default, ?, ?, ?)
Hibernate: 
    insert 
    into
        question
        (id, content, create_date, subject) 
    values
        (default, ?, ?, ?)
Hibernate: 
    insert 
    into
        question
        (id, content, create_date, subject) 
    values
        (default, ?, ?, ?)
Hibernate: 
    insert 
    into
        question
        (id, content, create_date, subject) 
    values
        (default, ?, ?, ?)
Hibernate: 
    insert 
    into
        question
        (id, content, create_date, subject) 
    values
        (default, ?, ?, ?)
Hibernate: 
    insert 
    into
        question
        (id, content, create_date, subject) 
    values
        (default, ?, ?, ?)
Hibernate: 
    insert 
    into
        question
        (id, content, create_date, subject) 
    values
        (default, ?, ?, ?)
Hibernate: 
    insert 
    into
        question
        (id, content, create_date, subject) 
    values
        (default, ?, ?, ?)
Hibernate: 
    insert 
    into
        question
        (id, content, create_date, subject) 
    values
        (default, ?, ?, ?)
Hibernate: 
    insert 
    into
        question
        (id, content, create_date, subject) 
    values
        (default, ?, ?, ?)
Hibernate: 
    insert 
    into
        question
        (id, content, create_date, subject) 
    values
        (default, ?, ?, ?)
Hibernate: 
    insert 
    into
        question
        (id, content, create_date, subject) 
    values
        (default, ?, ?, ?)
Hibernate: 
    insert 
    into
        question
        (id, content, create_date, subject) 
    values
        (default, ?, ?, ?)
Hibernate: 
    insert 
    into
        question
        (id, content, create_date, subject) 
    values
        (default, ?, ?, ?)
Hibernate: 
    insert 
    into
        question
        (id, content, create_date, subject) 
    values
        (default, ?, ?, ?)
Hibernate: 
    insert 
    into
        question
        (id, content, create_date, subject) 
    values
        (default, ?, ?, ?)
Hibernate: 
    insert 
    into
        question
        (id, content, create_date, subject) 
    values
        (default, ?, ?, ?)
Hibernate: 
    insert 
    into
        question
        (id, content, create_date, subject) 
    values
        (default, ?, ?, ?)
Hibernate: 
    insert 
    into
        question
        (id, content, create_date, subject) 
    values
        (default, ?, ?, ?)
Hibernate: 
    insert 
    into
        question
        (id, content, create_date, subject) 
    values
        (default, ?, ?, ?)
Hibernate: 
    insert 
    into
        question
        (id, content, create_date, subject) 
    values
        (default, ?, ?, ?)
Hibernate: 
    insert 
    into
        question
        (id, content, create_date, subject) 
    values
        (default, ?, ?, ?)
Hibernate: 
    insert 
    into
        question
        (id, content, create_date, subject) 
    values
        (default, ?, ?, ?)
Hibernate: 
    insert 
    into
        question
        (id, content, create_date, subject) 
    values
        (default, ?, ?, ?)
Hibernate: 
    insert 
    into
        question
        (id, content, create_date, subject) 
    values
        (default, ?, ?, ?)
Hibernate: 
    insert 
    into
        question
        (id, content, create_date, subject) 
    values
        (default, ?, ?, ?)
Hibernate: 
    insert 
    into
        question
        (id, content, create_date, subject) 
    values
        (default, ?, ?, ?)
Hibernate: 
    insert 
    into
        question
        (id, content, create_date, subject) 
    values
        (default, ?, ?, ?)
Hibernate: 
    insert 
    into
        question
        (id, content, create_date, subject) 
    values
        (default, ?, ?, ?)
Hibernate: 
    insert 
    into
        question
        (id, content, create_date, subject) 
    values
        (default, ?, ?, ?)
Hibernate: 
    insert 
    into
        question
        (id, content, create_date, subject) 
    values
        (default, ?, ?, ?)
Hibernate: 
    insert 
    into
        question
        (id, content, create_date, subject) 
    values
        (default, ?, ?, ?)
Hibernate: 
    insert 
    into
        question
        (id, content, create_date, subject) 
    values
        (default, ?, ?, ?)
Hibernate: 
    insert 
    into
        question
        (id, content, create_date, subject) 
    values
        (default, ?, ?, ?)
Hibernate: 
    insert 
    into
        question
        (id, content, create_date, subject) 
    values
        (default, ?, ?, ?)
Hibernate: 
    insert 
    into
        question
        (id, content, create_date, subject) 
    values
        (default, ?, ?, ?)
Hibernate: 
    insert 
    into
        question
        (id, content, create_date, subject) 
    values
        (default, ?, ?, ?)
Hibernate: 
    insert 
    into
        question
        (id, content, create_date, subject) 
    values
        (default, ?, ?, ?)
Hibernate: 
    insert 
    into
        question
        (id, content, create_date, subject) 
    values
        (default, ?, ?, ?)
Hibernate: 
    insert 
    into
        question
        (id, content, create_date, subject) 
    values
        (default, ?, ?, ?)
Hibernate: 
    insert 
    into
        question
        (id, content, create_date, subject) 
    values
        (default, ?, ?, ?)
Hibernate: 
    insert 
    into
        question
        (id, content, create_date, subject) 
    values
        (default, ?, ?, ?)
Hibernate: 
    insert 
    into
        question
        (id, content, create_date, subject) 
    values
        (default, ?, ?, ?)
Hibernate: 
    insert 
    into
        question
        (id, content, create_date, subject) 
    values
        (default, ?, ?, ?)
Hibernate: 
    insert 
    into
        question
        (id, content, create_date, subject) 
    values
        (default, ?, ?, ?)
Hibernate: 
    insert 
    into
        question
        (id, content, create_date, subject) 
    values
        (default, ?, ?, ?)
Hibernate: 
    insert 
    into
        question
        (id, content, create_date, subject) 
    values
        (default, ?, ?, ?)
Hibernate: 
    insert 
    into
        question
        (id, content, create_date, subject) 
    values
        (default, ?, ?, ?)
Hibernate: 
    insert 
    into
        question
        (id, content, create_date, subject) 
    values
        (default, ?, ?, ?)
]]></system-out>
  <system-err><![CDATA[]]></system-err>
</testsuite>
